生成启动时间为 2019/1/17 11:49:10。
     1>项目“E:\柯林明伦\c++\1111\20191-17-dRAW\Draw\Draw.vcxproj”在节点 2 上(Build 个目标)。
     1>ClCompile:
         E:\vs\VC\bin\CL.exe /c /ZI /nologo /W3 /WX- /sdl /Od /Oy- /D WIN32 /D _WINDOWS /D _DEBUG /D _UNICODE /D UNICODE /D _AFXDLL /Gm /EHsc /RTC1 /MDd /GS /fp:precise /Zc:wchar_t /Zc:forScope /Yc"stdafx.h" /Fp"Debug\Draw.pch" /Fo"Debug\\" /Fd"Debug\vc110.pdb" /Gd /TP /analyze- /errorReport:prompt stdafx.cpp
         stdafx.cpp
         E:\vs\VC\bin\CL.exe /c /ZI /nologo /W3 /WX- /sdl /Od /Oy- /D WIN32 /D _WINDOWS /D _DEBUG /D _UNICODE /D UNICODE /D _AFXDLL /Gm /EHsc /RTC1 /MDd /GS /fp:precise /Zc:wchar_t /Zc:forScope /Yu"stdafx.h" /Fp"Debug\Draw.pch" /Fo"Debug\\" /Fd"Debug\vc110.pdb" /Gd /TP /analyze- /errorReport:prompt Draw.cpp DrawDoc.cpp DrawView.cpp MainFrm.cpp
         MainFrm.cpp
         DrawView.cpp
         DrawDoc.cpp
         Draw.cpp
         正在生成代码...
       ResourceCompile:
         C:\Program Files (x86)\Windows Kits\8.0\bin\x86\rc.exe /D _DEBUG /D _UNICODE /D UNICODE /D _AFXDLL /l"0x0804" /IDebug\ /nologo /fo"Debug\Draw.res" Draw.rc 
       Link:
         E:\vs\VC\bin\link.exe /ERRORREPORT:PROMPT /OUT:"E:\柯林明伦\c++\1111\20191-17-dRAW\Debug\Draw.exe" /INCREMENTAL /NOLOGO /MANIFEST /MANIFESTUAC:"level='asInvoker' uiAccess='false'" /manifest:embed /manifestinput:E:\vs\VC\Include\Manifest\dpiaware.manifest /DEBUG /PDB:"E:\柯林明伦\c++\1111\20191-17-dRAW\Debug\Draw.pdb" /SUBSYSTEM:WINDOWS /TLBID:1 /ENTRY:"wWinMainCRTStartup" /DYNAMICBASE /NXCOMPAT /IMPLIB:"E:\柯林明伦\c++\1111\20191-17-dRAW\Debug\Draw.lib" /MACHINE:X86 Debug\Draw.res
         Debug\Draw.obj
         Debug\DrawDoc.obj
         Debug\DrawView.obj
         Debug\MainFrm.obj
         Debug\stdafx.obj
         Draw.vcxproj -> E:\柯林明伦\c++\1111\20191-17-dRAW\Debug\Draw.exe
     1>已完成生成项目“E:\柯林明伦\c++\1111\20191-17-dRAW\Draw\Draw.vcxproj”(Build 个目标)的操作。

生成成功。

已用时间 00:00:06.43
